<?xml version="1.0" encoding="UTF-8"?>
<!-- Generated by org.testng.reporters.JUnitXMLReporter -->
<testsuite ignored="0" hostname="WS-024" failures="1" tests="14" name="Surefire test" time="109.084" errors="0" timestamp="2025-02-20T16:30:29 MSK">
  <testcase classname="com.example.CreateManyOrdersTest" name="login" time="0.842"/>
  <testcase classname="com.example.CreateManyOrdersTest" name="createOrders" time="57.953">
    <failure type="org.openqa.selenium.StaleElementReferenceException" message="stale element reference: stale element not found in the current frame
  (Session info: chrome=133.0.6943.99)
For documentation on this error, please visit: https://www.selenium.dev/documentation/webdriver/troubleshooting/errors#stale-element-reference-exception
Build info: version: &amp;apos;4.25.0&amp;apos;, revision: &amp;apos;8a8aea2337&amp;apos;
System info: os.name: &amp;apos;Windows 10&amp;apos;, os.arch: &amp;apos;amd64&amp;apos;, os.version: &amp;apos;10.0&amp;apos;, java.version: &amp;apos;23.0.1&amp;apos;
Driver info: org.openqa.selenium.chrome.ChromeDriver
Command: [a82c87250a26abc446e154adc7337f14, clickElement {id=f.8CE516C36F435ACAD24DDF5B49AAC1FD.d.D2F511E973D9C0A87A2C6BF0F2364B3B.e.1060}]
Capabilities {acceptInsecureCerts: false, browserName: chrome, browserVersion: 133.0.6943.99, chrome: {chromedriverVersion: 133.0.6943.126 (cffa127ce7b..., userDataDir: C:\Users\A8712~1.GAL\AppDat...}, fedcm:accounts: true, goog:chromeOptions: {debuggerAddress: localhost:50453}, networkConnectionEnabled: false, pageLoadStrategy: normal, platformName: windows, proxy: Proxy(), se:cdp: ws://localhost:50453/devtoo..., se:cdpVersion: 133.0.6943.99, setWindowRect: true, strictFileInteractability: false, timeouts: {implicit: 0, pageLoad: 300000, script: 30000}, unhandledPromptBehavior: dismiss and notify, webauthn:extension:credBlob: true, webauthn:extension:largeBlob: true, webauthn:extension:minPinLength: true, webauthn:extension:prf: true, webauthn:virtualAuthenticators: true}
Element: [[ChromeDriver: chrome on windows (a82c87250a26abc446e154adc7337f14)] -&amp;gt; xpath: //*[@aria-label=&amp;apos; Обработка&amp;apos; and @data-is-focusable=&amp;apos;true&amp;apos;]]
Session ID: a82c87250a26abc446e154adc7337f14">
      <![CDATA[org.openqa.selenium.StaleElementReferenceException: stale element reference: stale element not found in the current frame
  (Session info: chrome=133.0.6943.99)
For documentation on this error, please visit: https://www.selenium.dev/documentation/webdriver/troubleshooting/errors#stale-element-reference-exception
Build info: version: '4.25.0', revision: '8a8aea2337'
System info: os.name: 'Windows 10', os.arch: 'amd64', os.version: '10.0', java.version: '23.0.1'
Driver info: org.openqa.selenium.chrome.ChromeDriver
Command: [a82c87250a26abc446e154adc7337f14, clickElement {id=f.8CE516C36F435ACAD24DDF5B49AAC1FD.d.D2F511E973D9C0A87A2C6BF0F2364B3B.e.1060}]
Capabilities {acceptInsecureCerts: false, browserName: chrome, browserVersion: 133.0.6943.99, chrome: {chromedriverVersion: 133.0.6943.126 (cffa127ce7b..., userDataDir: C:\Users\A8712~1.GAL\AppDat...}, fedcm:accounts: true, goog:chromeOptions: {debuggerAddress: localhost:50453}, networkConnectionEnabled: false, pageLoadStrategy: normal, platformName: windows, proxy: Proxy(), se:cdp: ws://localhost:50453/devtoo..., se:cdpVersion: 133.0.6943.99, setWindowRect: true, strictFileInteractability: false, timeouts: {implicit: 0, pageLoad: 300000, script: 30000}, unhandledPromptBehavior: dismiss and notify, webauthn:extension:credBlob: true, webauthn:extension:largeBlob: true, webauthn:extension:minPinLength: true, webauthn:extension:prf: true, webauthn:virtualAuthenticators: true}
Element: [[ChromeDriver: chrome on windows (a82c87250a26abc446e154adc7337f14)] -> xpath: //*[@aria-label=' Обработка' and @data-is-focusable='true']]
Session ID: a82c87250a26abc446e154adc7337f14
at org.openqa.selenium.remote.ErrorCodec.decode(ErrorCodec.java:167)
at org.openqa.selenium.remote.codec.w3c.W3CHttpResponseCodec.decode(W3CHttpResponseCodec.java:138)
at org.openqa.selenium.remote.codec.w3c.W3CHttpResponseCodec.decode(W3CHttpResponseCodec.java:50)
at org.openqa.selenium.remote.HttpCommandExecutor.execute(HttpCommandExecutor.java:190)
at org.openqa.selenium.remote.service.DriverCommandExecutor.invokeExecute(DriverCommandExecutor.java:216)
at org.openqa.selenium.remote.service.DriverCommandExecutor.execute(DriverCommandExecutor.java:174)
at org.openqa.selenium.remote.RemoteWebDriver.execute(RemoteWebDriver.java:545)
at org.openqa.selenium.remote.RemoteWebElement.execute(RemoteWebElement.java:223)
at org.openqa.selenium.remote.RemoteWebElement.click(RemoteWebElement.java:76)
at com.example.PagesOrder.OrderPage.obrabotkaVypustit(OrderPage.java:74)
at com.example.CreateManyOrdersTest.lambda$0(CreateManyOrdersTest.java:75)
at com.example.CreateManyOrdersTest.performAction(CreateManyOrdersTest.java:103)
at com.example.CreateManyOrdersTest.createOrder(CreateManyOrdersTest.java:63)
at com.example.CreateManyOrdersTest.createOrders(CreateManyOrdersTest.java:57)
at java.base/java.util.ArrayList.forEach(ArrayList.java:1597)
... Removed 33 stack frames]]>
    </failure>
  </testcase> <!-- createOrders -->
  <testcase classname="com.example.CreateOrderNewTest" name="login" time="0.793"/>
  <testcase classname="com.example.CreateOrderNewTest" name="openZayavkaPage" time="0.05"/>
  <testcase classname="com.example.CreateOrderNewTest" name="createNewZayavka" time="6.01"/>
  <testcase classname="com.example.CreateOrderNewTest" name="fillOrderForm" time="3.275"/>
  <testcase classname="com.example.CreateOrderNewTest" name="processOrder" time="1.207"/>
  <testcase classname="com.example.CreateOrderNewTest" name="setPlannedDates" time="5.785"/>
  <testcase classname="com.example.CreateOrderNewTest" name="orderFull" time="2.377"/>
  <testcase classname="com.example.CreateOrderNewTest" name="vehiclePlanning" time="4.82"/>
  <testcase classname="com.example.CreateOrderNewTest" name="goToVehile" time="5.128"/>
  <testcase classname="com.example.CreateOrderNewTest" name="goToServices" time="0.707"/>
  <testcase classname="com.example.CreateOrderNewTest" name="processServices" time="1.585"/>
  <testcase classname="com.example.CreateOrderNewTest" name="finalizeInvoice" time="9.695"/>
</testsuite> <!-- Surefire test -->
